============================================================
🎯 LEARNING COORDINATOR — Full Cycle
   2026-04-11 19:19 UTC
============================================================

Traceback (most recent call last):
  File "/home/clawbot/.openclaw/workspace/scripts/learning_coordinator.py", line 355, in <module>
    sys.exit(main())
             ^^^^^^
  File "/home/clawbot/.openclaw/workspace/scripts/learning_coordinator.py", line 341, in main
    return 0 if run_full_cycle() else 1
                ^^^^^^^^^^^^^^^^
  File "/home/clawbot/.openclaw/workspace/scripts/learning_coordinator.py", line 255, in run_full_cycle
    log = load_coordinator_log()
          ^^^^^^^^^^^^^^^^^^^^^^
  File "/home/clawbot/.openclaw/workspace/scripts/learning_coordinator.py", line 228, in load_coordinator_log
    return json.load(f)
           ^^^^^^^^^^^^
  File "/usr/lib/python3.12/json/__init__.py", line 293, in load
    return loads(fp.read(),
           ^^^^^^^^^^^^^^^^
  File "/usr/lib/python3.12/json/__init__.py", line 346, in loads
    return _default_decoder.decode(s)
           ^^^^^^^^^^^^^^^^^^^^^^^^^^
  File "/usr/lib/python3.12/json/decoder.py", line 337, in decode
    obj, end = self.raw_decode(s, idx=_w(s, 0).end())
               ^^^^^^^^^^^^^^^^^^^^^^^^^^^^^^^^^^^^^^
  File "/usr/lib/python3.12/json/decoder.py", line 355, in raw_decode
    raise JSONDecodeError("Expecting value", s, err.value) from None
json.decoder.JSONDecodeError: Expecting value: line 1 column 1 (char 0)
